<?xml version="1.0" encoding="UTF-8"?>
<!-- Generated by org.testng.reporters.JUnitXMLReporter -->
<testsuite hostname="LokeshC2-BLD" name="test1" tests="1" failures="1" timestamp="28 Jun 2020 13:01:15 GMT" time="5.946" errors="0">
  <testcase name="verifyGooglePageTest" time="5.934" classname="com.tests.GooglePageTest">
    <failure type="java.lang.AssertionError" message="expected [true] but found [false]">
      <![CDATA[java.lang.AssertionError: expected [true] but found [false]
	at com.tests.GooglePageTest.verifyGooglePageTest(GooglePageTest.java:32)
... Removed 28 stack frames]]>
    </failure>
  </testcase> <!-- verifyGooglePageTest -->
</testsuite> <!-- test1 -->
